{"/Users/alecremond/dev/GreatFrontend/NewsLetter_Section/NewsLetter_Project/newsletter-section/js/index.js": {"path":"/Users/alecremond/dev/GreatFrontend/NewsLetter_Section/NewsLetter_Project/newsletter-section/js/index.js","all":true,"statementMap":{"0":{"start":{"line":1,"column":0},"end":{"line":1,"column":32}},"1":{"start":{"line":2,"column":0},"end":{"line":2,"column":91}}},"s":{"0":0,"1":0},"branchMap":{"0":{"type":"branch","line":1,"loc":{"start":{"line":1,"column":124},"end":{"line":2,"column":91}},"locations":[{"start":{"line":1,"column":124},"end":{"line":2,"column":91}}]}},"b":{"0":[0]},"fnMap":{"0":{"name":"(empty-report)","decl":{"start":{"line":1,"column":124},"end":{"line":2,"column":91}},"loc":{"start":{"line":1,"column":124},"end":{"line":2,"column":91}},"line":1}},"f":{"0":0}}
,"/Users/alecremond/dev/GreatFrontend/NewsLetter_Section/NewsLetter_Project/src/App.tsx": {"path":"/Users/alecremond/dev/GreatFrontend/NewsLetter_Section/NewsLetter_Project/src/App.tsx","all":true,"statementMap":{"0":{"start":{"line":1,"column":0},"end":{"line":1,"column":19}},"1":{"start":{"line":2,"column":0},"end":{"line":2,"column":48}},"2":{"start":{"line":3,"column":0},"end":{"line":3,"column":45}},"3":{"start":{"line":4,"column":0},"end":{"line":4,"column":42}},"5":{"start":{"line":6,"column":0},"end":{"line":6,"column":16}},"6":{"start":{"line":7,"column":0},"end":{"line":7,"column":10}},"7":{"start":{"line":8,"column":0},"end":{"line":8,"column":6}},"8":{"start":{"line":9,"column":0},"end":{"line":9,"column":33}},"9":{"start":{"line":10,"column":0},"end":{"line":10,"column":16}},"10":{"start":{"line":11,"column":0},"end":{"line":11,"column":17}},"12":{"start":{"line":13,"column":0},"end":{"line":13,"column":16}},"15":{"start":{"line":16,"column":0},"end":{"line":16,"column":1}},"17":{"start":{"line":18,"column":0},"end":{"line":18,"column":19}}},"s":{"0":0,"1":0,"2":0,"3":0,"5":0,"6":0,"7":0,"8":0,"9":0,"10":0,"12":0,"15":0,"17":0},"branchMap":{"0":{"type":"branch","line":1,"loc":{"start":{"line":1,"column":328},"end":{"line":18,"column":19}},"locations":[{"start":{"line":1,"column":328},"end":{"line":18,"column":19}}]}},"b":{"0":[0]},"fnMap":{"0":{"name":"(empty-report)","decl":{"start":{"line":1,"column":328},"end":{"line":18,"column":19}},"loc":{"start":{"line":1,"column":328},"end":{"line":18,"column":19}},"line":1}},"f":{"0":0}}
,"/Users/alecremond/dev/GreatFrontend/NewsLetter_Section/NewsLetter_Project/src/main.tsx": {"path":"/Users/alecremond/dev/GreatFrontend/NewsLetter_Section/NewsLetter_Project/src/main.tsx","all":true,"statementMap":{"0":{"start":{"line":1,"column":0},"end":{"line":1,"column":35}},"1":{"start":{"line":2,"column":0},"end":{"line":2,"column":46}},"2":{"start":{"line":3,"column":0},"end":{"line":3,"column":21}},"3":{"start":{"line":4,"column":0},"end":{"line":4,"column":24}},"5":{"start":{"line":6,"column":0},"end":{"line":6,"column":52}},"6":{"start":{"line":7,"column":0},"end":{"line":7,"column":18}},"7":{"start":{"line":8,"column":0},"end":{"line":8,"column":33}},"8":{"start":{"line":9,"column":0},"end":{"line":9,"column":16}},"9":{"start":{"line":10,"column":0},"end":{"line":10,"column":13}},"12":{"start":{"line":13,"column":0},"end":{"line":13,"column":8}},"13":{"start":{"line":14,"column":0},"end":{"line":14,"column":42}},"14":{"start":{"line":15,"column":0},"end":{"line":15,"column":1}}},"s":{"0":0,"1":0,"2":0,"3":0,"5":0,"6":0,"7":0,"8":0,"9":0,"12":0,"13":0,"14":0},"branchMap":{"0":{"type":"branch","line":1,"loc":{"start":{"line":1,"column":345},"end":{"line":15,"column":1}},"locations":[{"start":{"line":1,"column":345},"end":{"line":15,"column":1}}]}},"b":{"0":[0]},"fnMap":{"0":{"name":"(empty-report)","decl":{"start":{"line":1,"column":345},"end":{"line":15,"column":1}},"loc":{"start":{"line":1,"column":345},"end":{"line":15,"column":1}},"line":1}},"f":{"0":0}}
,"/Users/alecremond/dev/GreatFrontend/NewsLetter_Section/NewsLetter_Project/src/components/Footer/Footer.tsx": {"path":"/Users/alecremond/dev/GreatFrontend/NewsLetter_Section/NewsLetter_Project/src/components/Footer/Footer.tsx","all":false,"statementMap":{"0":{"start":{"line":1,"column":0},"end":{"line":1,"column":41}},"2":{"start":{"line":3,"column":0},"end":{"line":3,"column":22}},"3":{"start":{"line":4,"column":0},"end":{"line":4,"column":10}},"4":{"start":{"line":5,"column":0},"end":{"line":5,"column":74}},"6":{"start":{"line":7,"column":0},"end":{"line":7,"column":86}},"8":{"start":{"line":9,"column":0},"end":{"line":9,"column":10}},"10":{"start":{"line":11,"column":0},"end":{"line":11,"column":84}},"12":{"start":{"line":13,"column":0},"end":{"line":13,"column":10}},"16":{"start":{"line":17,"column":0},"end":{"line":17,"column":2}},"18":{"start":{"line":19,"column":0},"end":{"line":19,"column":22}}},"s":{"0":1,"2":1,"3":1,"4":1,"6":1,"8":1,"10":1,"12":1,"16":1,"18":1},"branchMap":{"0":{"type":"branch","line":3,"loc":{"start":{"line":3,"column":15},"end":{"line":17,"column":2}},"locations":[{"start":{"line":3,"column":15},"end":{"line":17,"column":2}}]}},"b":{"0":[1]},"fnMap":{"0":{"name":"Footer","decl":{"start":{"line":3,"column":15},"end":{"line":17,"column":2}},"loc":{"start":{"line":3,"column":15},"end":{"line":17,"column":2}},"line":3}},"f":{"0":1}}
,"/Users/alecremond/dev/GreatFrontend/NewsLetter_Section/NewsLetter_Project/src/components/Form/Form.tsx": {"path":"/Users/alecremond/dev/GreatFrontend/NewsLetter_Section/NewsLetter_Project/src/components/Form/Form.tsx","all":false,"statementMap":{"0":{"start":{"line":1,"column":0},"end":{"line":1,"column":42}},"1":{"start":{"line":2,"column":0},"end":{"line":2,"column":39}},"2":{"start":{"line":3,"column":0},"end":{"line":3,"column":26}},"4":{"start":{"line":5,"column":0},"end":{"line":5,"column":20}},"5":{"start":{"line":6,"column":0},"end":{"line":6,"column":9}},"6":{"start":{"line":7,"column":0},"end":{"line":7,"column":10}},"7":{"start":{"line":8,"column":0},"end":{"line":8,"column":13}},"8":{"start":{"line":9,"column":0},"end":{"line":9,"column":17}},"9":{"start":{"line":10,"column":0},"end":{"line":10,"column":26}},"10":{"start":{"line":11,"column":0},"end":{"line":11,"column":26}},"16":{"start":{"line":17,"column":0},"end":{"line":17,"column":46}},"17":{"start":{"line":18,"column":0},"end":{"line":18,"column":9}},"18":{"start":{"line":19,"column":0},"end":{"line":19,"column":40}},"19":{"start":{"line":20,"column":0},"end":{"line":20,"column":75}},"20":{"start":{"line":21,"column":0},"end":{"line":21,"column":13}},"22":{"start":{"line":23,"column":0},"end":{"line":23,"column":40}},"23":{"start":{"line":24,"column":0},"end":{"line":24,"column":14}},"24":{"start":{"line":25,"column":0},"end":{"line":25,"column":21}},"25":{"start":{"line":26,"column":0},"end":{"line":26,"column":36}},"26":{"start":{"line":27,"column":0},"end":{"line":27,"column":5}},"27":{"start":{"line":28,"column":0},"end":{"line":28,"column":4}},"29":{"start":{"line":30,"column":0},"end":{"line":30,"column":33}},"30":{"start":{"line":31,"column":0},"end":{"line":31,"column":78}},"31":{"start":{"line":32,"column":0},"end":{"line":32,"column":86}},"32":{"start":{"line":33,"column":0},"end":{"line":33,"column":16}},"33":{"start":{"line":34,"column":0},"end":{"line":34,"column":4}},"35":{"start":{"line":36,"column":0},"end":{"line":36,"column":41}},"37":{"start":{"line":38,"column":0},"end":{"line":38,"column":10}},"38":{"start":{"line":39,"column":0},"end":{"line":39,"column":68}},"39":{"start":{"line":40,"column":0},"end":{"line":40,"column":60}},"40":{"start":{"line":41,"column":0},"end":{"line":41,"column":84}},"41":{"start":{"line":42,"column":0},"end":{"line":42,"column":16}},"42":{"start":{"line":43,"column":0},"end":{"line":43,"column":24}},"43":{"start":{"line":44,"column":0},"end":{"line":44,"column":99}},"44":{"start":{"line":45,"column":0},"end":{"line":45,"column":40}},"46":{"start":{"line":47,"column":0},"end":{"line":47,"column":45}},"47":{"start":{"line":48,"column":0},"end":{"line":48,"column":54}},"50":{"start":{"line":51,"column":0},"end":{"line":51,"column":38}},"51":{"start":{"line":52,"column":0},"end":{"line":52,"column":78}},"54":{"start":{"line":55,"column":0},"end":{"line":55,"column":51}},"59":{"start":{"line":60,"column":0},"end":{"line":60,"column":2}},"61":{"start":{"line":62,"column":0},"end":{"line":62,"column":20}}},"s":{"0":1,"1":1,"2":1,"4":1,"5":3,"6":3,"7":3,"8":3,"9":3,"10":3,"16":3,"17":0,"18":0,"19":0,"20":0,"22":0,"23":0,"24":0,"25":0,"26":0,"27":0,"29":3,"30":3,"31":3,"32":3,"33":3,"35":3,"37":3,"38":3,"39":3,"40":3,"41":3,"42":3,"43":3,"44":3,"46":3,"47":3,"50":3,"51":3,"54":3,"59":3,"61":1},"branchMap":{"0":{"type":"branch","line":5,"loc":{"start":{"line":5,"column":13},"end":{"line":60,"column":2}},"locations":[{"start":{"line":5,"column":13},"end":{"line":60,"column":2}}]},"1":{"type":"branch","line":41,"loc":{"start":{"line":41,"column":55},"end":{"line":41,"column":75}},"locations":[{"start":{"line":41,"column":55},"end":{"line":41,"column":75}}]},"2":{"type":"branch","line":30,"loc":{"start":{"line":30,"column":26},"end":{"line":34,"column":4}},"locations":[{"start":{"line":30,"column":26},"end":{"line":34,"column":4}}]},"3":{"type":"branch","line":31,"loc":{"start":{"line":31,"column":20},"end":{"line":31,"column":31}},"locations":[{"start":{"line":31,"column":20},"end":{"line":31,"column":31}}]},"4":{"type":"branch","line":31,"loc":{"start":{"line":31,"column":43},"end":{"line":31,"column":78}},"locations":[{"start":{"line":31,"column":43},"end":{"line":31,"column":78}}]},"5":{"type":"branch","line":32,"loc":{"start":{"line":32,"column":20},"end":{"line":32,"column":31}},"locations":[{"start":{"line":32,"column":20},"end":{"line":32,"column":31}}]},"6":{"type":"branch","line":32,"loc":{"start":{"line":32,"column":42},"end":{"line":32,"column":86}},"locations":[{"start":{"line":32,"column":42},"end":{"line":32,"column":86}}]}},"b":{"0":[3],"1":[0],"2":[3],"3":[0],"4":[0],"5":[0],"6":[0]},"fnMap":{"0":{"name":"Form","decl":{"start":{"line":5,"column":13},"end":{"line":60,"column":2}},"loc":{"start":{"line":5,"column":13},"end":{"line":60,"column":2}},"line":5},"1":{"name":"onSubmit","decl":{"start":{"line":17,"column":19},"end":{"line":28,"column":4}},"loc":{"start":{"line":17,"column":19},"end":{"line":28,"column":4}},"line":17},"2":{"name":"getErrorMessage","decl":{"start":{"line":30,"column":26},"end":{"line":34,"column":4}},"loc":{"start":{"line":30,"column":26},"end":{"line":34,"column":4}},"line":30}},"f":{"0":3,"1":0,"2":3}}
,"/Users/alecremond/dev/GreatFrontend/NewsLetter_Section/NewsLetter_Project/src/components/Image/Image.tsx": {"path":"/Users/alecremond/dev/GreatFrontend/NewsLetter_Section/NewsLetter_Project/src/components/Image/Image.tsx","all":false,"statementMap":{"0":{"start":{"line":1,"column":0},"end":{"line":1,"column":40}},"2":{"start":{"line":3,"column":0},"end":{"line":3,"column":21}},"3":{"start":{"line":4,"column":0},"end":{"line":4,"column":84}},"4":{"start":{"line":5,"column":0},"end":{"line":5,"column":2}},"6":{"start":{"line":7,"column":0},"end":{"line":7,"column":21}}},"s":{"0":1,"2":1,"3":1,"4":1,"6":1},"branchMap":{"0":{"type":"branch","line":3,"loc":{"start":{"line":3,"column":14},"end":{"line":5,"column":2}},"locations":[{"start":{"line":3,"column":14},"end":{"line":5,"column":2}}]}},"b":{"0":[1]},"fnMap":{"0":{"name":"Image","decl":{"start":{"line":3,"column":14},"end":{"line":5,"column":2}},"loc":{"start":{"line":3,"column":14},"end":{"line":5,"column":2}},"line":3}},"f":{"0":1}}
,"/Users/alecremond/dev/GreatFrontend/NewsLetter_Section/NewsLetter_Project/src/components/Row/Row.tsx": {"path":"/Users/alecremond/dev/GreatFrontend/NewsLetter_Section/NewsLetter_Project/src/components/Row/Row.tsx","all":false,"statementMap":{"0":{"start":{"line":1,"column":0},"end":{"line":1,"column":38}},"2":{"start":{"line":3,"column":0},"end":{"line":3,"column":51}},"3":{"start":{"line":4,"column":0},"end":{"line":4,"column":10}},"4":{"start":{"line":5,"column":0},"end":{"line":5,"column":32}},"5":{"start":{"line":6,"column":0},"end":{"line":6,"column":42}},"6":{"start":{"line":7,"column":0},"end":{"line":7,"column":22}},"9":{"start":{"line":10,"column":0},"end":{"line":10,"column":2}},"11":{"start":{"line":12,"column":0},"end":{"line":12,"column":19}}},"s":{"0":1,"2":1,"3":9,"4":9,"5":9,"6":9,"9":9,"11":1},"branchMap":{"0":{"type":"branch","line":3,"loc":{"start":{"line":3,"column":12},"end":{"line":10,"column":2}},"locations":[{"start":{"line":3,"column":12},"end":{"line":10,"column":2}}]}},"b":{"0":[9]},"fnMap":{"0":{"name":"Row","decl":{"start":{"line":3,"column":12},"end":{"line":10,"column":2}},"loc":{"start":{"line":3,"column":12},"end":{"line":10,"column":2}},"line":3}},"f":{"0":9}}
,"/Users/alecremond/dev/GreatFrontend/NewsLetter_Section/NewsLetter_Project/src/components/Text/Text.tsx": {"path":"/Users/alecremond/dev/GreatFrontend/NewsLetter_Section/NewsLetter_Project/src/components/Text/Text.tsx","all":false,"statementMap":{"0":{"start":{"line":1,"column":0},"end":{"line":1,"column":32}},"1":{"start":{"line":2,"column":0},"end":{"line":2,"column":29}},"2":{"start":{"line":3,"column":0},"end":{"line":3,"column":39}},"4":{"start":{"line":5,"column":0},"end":{"line":5,"column":20}},"5":{"start":{"line":6,"column":0},"end":{"line":6,"column":80}},"6":{"start":{"line":7,"column":0},"end":{"line":7,"column":72}},"7":{"start":{"line":8,"column":0},"end":{"line":8,"column":62}},"8":{"start":{"line":9,"column":0},"end":{"line":9,"column":2}},"10":{"start":{"line":11,"column":0},"end":{"line":11,"column":20}},"11":{"start":{"line":12,"column":0},"end":{"line":12,"column":10}},"12":{"start":{"line":13,"column":0},"end":{"line":13,"column":42}},"13":{"start":{"line":14,"column":0},"end":{"line":14,"column":78}},"14":{"start":{"line":15,"column":0},"end":{"line":15,"column":38}},"15":{"start":{"line":16,"column":0},"end":{"line":16,"column":34}},"16":{"start":{"line":17,"column":0},"end":{"line":17,"column":52}},"19":{"start":{"line":20,"column":0},"end":{"line":20,"column":16}},"20":{"start":{"line":21,"column":0},"end":{"line":21,"column":50}},"23":{"start":{"line":24,"column":0},"end":{"line":24,"column":2}},"25":{"start":{"line":26,"column":0},"end":{"line":26,"column":20}}},"s":{"0":1,"1":1,"2":1,"4":1,"5":1,"6":1,"7":1,"8":1,"10":1,"11":3,"12":3,"13":3,"14":3,"15":3,"16":3,"19":3,"20":3,"23":3,"25":1},"branchMap":{"0":{"type":"branch","line":11,"loc":{"start":{"line":11,"column":13},"end":{"line":24,"column":2}},"locations":[{"start":{"line":11,"column":13},"end":{"line":24,"column":2}}]}},"b":{"0":[3]},"fnMap":{"0":{"name":"Text","decl":{"start":{"line":11,"column":13},"end":{"line":24,"column":2}},"loc":{"start":{"line":11,"column":13},"end":{"line":24,"column":2}},"line":11}},"f":{"0":3}}
}
